<?xml version="1.0" encoding="UTF-8"?>
<!-- Generated by org.testng.reporters.JUnitReportReporter -->
<testsuite hostname="DESKTOP-D7FC95S" failures="0" tests="3" name="tests.FailedLoginTest" time="40.846" errors="0" timestamp="2022-10-03T19:04:52 CEST" skipped="0">
  <testcase classname="tests.FailedLoginTest" name="failedLogin" time="18.647"/>
  <system-out/>
  <testcase classname="tests.FailedLoginTest" name="failedLogin" time="9.308"/>
  <system-out/>
  <testcase classname="tests.FailedLoginTest" name="failedLogin" time="12.891"/>
  <system-out/>
</testsuite> <!-- tests.FailedLoginTest -->
