<?xml version="1.0" encoding="UTF-8"?>
<!-- Generated by org.testng.reporters.JUnitReportReporter -->
<testsuite hostname="DESKTOP-D7FC95S" failures="0" tests="1" name="tests_with_login.CheckUsernameTest" time="19.043" errors="0" timestamp="2022-10-03T18:56:29 CEST" skipped="0">
  <testcase classname="tests_with_login.CheckUsernameTest" name="checkUsername" time="19.043"/>
  <system-out/>
</testsuite> <!-- tests_with_login.CheckUsernameTest -->
